# JRE version: Java(TM) SE Runtime Environment (8.0_111-b14) (build 1.8.0_111-b14)
# Java VM: Java HotSpot(TM) 64-Bit Server VM (25.111-b14 mixed mode windows-amd64 compressed oops)
Heap:
 PSYoungGen      total 111104K, used 24205K [0x000000076b500000, 0x0000000776900000, 0x00000007c0000000)
  eden space 94208K, 25% used [0x000000076b500000,0x000000076cca35e0,0x0000000771100000)
  from space 16896K, 0% used [0x0000000771100000,0x0000000771100000,0x0000000772180000)
  to   space 22016K, 0% used [0x0000000775380000,0x0000000775380000,0x0000000776900000)
 ParOldGen       total 120320K, used 37019K [0x00000006c1e00000, 0x00000006c9380000, 0x000000076b500000)
  object space 120320K, 30% used [0x00000006c1e00000,0x00000006c4226f90,0x00000006c9380000)
 Metaspace       used 35475K, capacity 36288K, committed 36392K, reserved 1081344K
  class space    used 4051K, capacity 4288K, committed 4392K, reserved 1048576K
GC Heap History (10 events):
Event: 6.780 GC heap before
{Heap before GC invocations=5 (full 1):
 PSYoungGen      total 76288K, used 10737K [0x000000076b500000, 0x0000000770a00000, 0x00000007c0000000)
  eden space 65536K, 0% used [0x000000076b500000,0x000000076b500000,0x000000076f500000)
  from space 10752K, 99% used [0x000000076ff80000,0x00000007709fc550,0x0000000770a00000)
  to   space 10752K, 0% used [0x000000076f500000,0x000000076f500000,0x000000076ff80000)
 ParOldGen       total 175104K, used 5910K [0x00000006c1e00000, 0x00000006cc900000, 0x000000076b500000)
  object space 175104K, 3% used [0x00000006c1e00000,0x00000006c23c5878,0x00000006cc900000)
 Metaspace       used 20600K, capacity 21222K, committed 21296K, reserved 1069056K
  class space    used 2402K, capacity 2573K, committed 2608K, reserved 1048576K
Event: 6.857 GC heap after
Heap after GC invocations=5 (full 1):
 PSYoungGen      total 76288K, used 0K [0x000000076b500000, 0x0000000770a00000, 0x00000007c0000000)
  eden space 65536K, 0% used [0x000000076b500000,0x000000076b500000,0x000000076f500000)
  from space 10752K, 0% used [0x000000076ff80000,0x000000076ff80000,0x0000000770a00000)
  to   space 10752K, 0% used [0x000000076f500000,0x000000076f500000,0x000000076ff80000)
 ParOldGen       total 120320K, used 14692K [0x00000006c1e00000, 0x00000006c9380000, 0x000000076b500000)
  object space 120320K, 12% used [0x00000006c1e00000,0x00000006c2c593a0,0x00000006c9380000)
 Metaspace       used 20600K, capacity 21222K, committed 21296K, reserved 1069056K
  class space    used 2402K, capacity 2573K, committed 2608K, reserved 1048576K
}
Event: 7.601 GC heap before
{Heap before GC invocations=6 (full 1):
 PSYoungGen      total 76288K, used 65536K [0x000000076b500000, 0x0000000770a00000, 0x00000007c0000000)
  eden space 65536K, 100% used [0x000000076b500000,0x000000076f500000,0x000000076f500000)
  from space 10752K, 0% used [0x000000076ff80000,0x000000076ff80000,0x0000000770a00000)
  to   space 10752K, 0% used [0x000000076f500000,0x000000076f500000,0x000000076ff80000)
 ParOldGen       total 120320K, used 14692K [0x00000006c1e00000, 0x00000006c9380000, 0x000000076b500000)
  object space 120320K, 12% used [0x00000006c1e00000,0x00000006c2c593a0,0x00000006c9380000)
 Metaspace       used 23103K, capacity 23750K, committed 23856K, reserved 1071104K
  class space    used 2697K, capacity 2861K, committed 2864K, reserved 1048576K
Event: 7.610 GC heap after
Heap after GC invocations=6 (full 1):
 PSYoungGen      total 76288K, used 9860K [0x000000076b500000, 0x0000000773000000, 0x00000007c0000000)
  eden space 65536K, 0% used [0x000000076b500000,0x000000076b500000,0x000000076f500000)
  from space 10752K, 91% used [0x000000076f500000,0x000000076fea13c0,0x000000076ff80000)
  to   space 14848K, 0% used [0x0000000772180000,0x0000000772180000,0x0000000773000000)
 ParOldGen       total 120320K, used 14700K [0x00000006c1e00000, 0x00000006c9380000, 0x000000076b500000)
  object space 120320K, 12% used [0x00000006c1e00000,0x00000006c2c5b3a0,0x00000006c9380000)
 Metaspace       used 23103K, capacity 23750K, committed 23856K, reserved 1071104K
  class space    used 2697K, capacity 2861K, committed 2864K, reserved 1048576K
}
Event: 9.414 GC heap before
{Heap before GC invocations=7 (full 1):
 PSYoungGen      total 76288K, used 75396K [0x000000076b500000, 0x0000000773000000, 0x00000007c0000000)
  eden space 65536K, 100% used [0x000000076b500000,0x000000076f500000,0x000000076f500000)
  from space 10752K, 91% used [0x000000076f500000,0x000000076fea13c0,0x000000076ff80000)
  to   space 14848K, 0% used [0x0000000772180000,0x0000000772180000,0x0000000773000000)
 ParOldGen       total 120320K, used 14700K [0x00000006c1e00000, 0x00000006c9380000, 0x000000076b500000)
  object space 120320K, 12% used [0x00000006c1e00000,0x00000006c2c5b3a0,0x00000006c9380000)
 Metaspace       used 24655K, capacity 25354K, committed 25648K, reserved 1071104K
  class space    used 2857K, capacity 3033K, committed 3120K, reserved 1048576K
Event: 9.426 GC heap after
Heap after GC invocations=7 (full 1):
 PSYoungGen      total 109056K, used 14822K [0x000000076b500000, 0x0000000773280000, 0x00000007c0000000)
  eden space 94208K, 0% used [0x000000076b500000,0x000000076b500000,0x0000000771100000)
  from space 14848K, 99% used [0x0000000772180000,0x0000000772ff9ad0,0x0000000773000000)
  to   space 16896K, 0% used [0x0000000771100000,0x0000000771100000,0x0000000772180000)
 ParOldGen       total 120320K, used 15964K [0x00000006c1e00000, 0x00000006c9380000, 0x000000076b500000)
  object space 120320K, 13% used [0x00000006c1e00000,0x00000006c2d971a8,0x00000006c9380000)
 Metaspace       used 24655K, capacity 25354K, committed 25648K, reserved 1071104K
  class space    used 2857K, capacity 3033K, committed 3120K, reserved 1048576K
}
Event: 10.365 GC heap before
{Heap before GC invocations=8 (full 1):
 PSYoungGen      total 109056K, used 97276K [0x000000076b500000, 0x0000000773280000, 0x00000007c0000000)
  eden space 94208K, 87% used [0x000000076b500000,0x0000000770585818,0x0000000771100000)
  from space 14848K, 99% used [0x0000000772180000,0x0000000772ff9ad0,0x0000000773000000)
  to   space 16896K, 0% used [0x0000000771100000,0x0000000771100000,0x0000000772180000)
 ParOldGen       total 120320K, used 15964K [0x00000006c1e00000, 0x00000006c9380000, 0x000000076b500000)
  object space 120320K, 13% used [0x00000006c1e00000,0x00000006c2d971a8,0x00000006c9380000)
 Metaspace       used 34683K, capacity 35392K, committed 35496K, reserved 1081344K
  class space    used 3957K, capacity 4160K, committed 4264K, reserved 1048576K
Event: 10.381 GC heap after
Heap after GC invocations=8 (full 1):
 PSYoungGen      total 111104K, used 16885K [0x000000076b500000, 0x0000000776900000, 0x00000007c0000000)
  eden space 94208K, 0% used [0x000000076b500000,0x000000076b500000,0x0000000771100000)
  from space 16896K, 99% used [0x0000000771100000,0x000000077217d408,0x0000000772180000)
  to   space 22016K, 0% used [0x0000000775380000,0x0000000775380000,0x0000000776900000)
 ParOldGen       total 120320K, used 22823K [0x00000006c1e00000, 0x00000006c9380000, 0x000000076b500000)
  object space 120320K, 18% used [0x00000006c1e00000,0x00000006c3449e70,0x00000006c9380000)
 Metaspace       used 34683K, capacity 35392K, committed 35496K, reserved 1081344K
  class space    used 3957K, capacity 4160K, committed 4264K, reserved 1048576K
}
Event: 10.381 GC heap before
{Heap before GC invocations=9 (full 2):
 PSYoungGen      total 111104K, used 16885K [0x000000076b500000, 0x0000000776900000, 0x00000007c0000000)
  eden space 94208K, 0% used [0x000000076b500000,0x000000076b500000,0x0000000771100000)
  from space 16896K, 99% used [0x0000000771100000,0x000000077217d408,0x0000000772180000)
  to   space 22016K, 0% used [0x0000000775380000,0x0000000775380000,0x0000000776900000)
 ParOldGen       total 120320K, used 22823K [0x00000006c1e00000, 0x00000006c9380000, 0x000000076b500000)
  object space 120320K, 18% used [0x00000006c1e00000,0x00000006c3449e70,0x00000006c9380000)
 Metaspace       used 34683K, capacity 35392K, committed 35496K, reserved 1081344K
  class space    used 3957K, capacity 4160K, committed 4264K, reserved 1048576K
Event: 10.470 GC heap after
Heap after GC invocations=9 (full 2):
 PSYoungGen      total 111104K, used 0K [0x000000076b500000, 0x0000000776900000, 0x00000007c0000000)
  eden space 94208K, 0% used [0x000000076b500000,0x000000076b500000,0x0000000771100000)
  from space 16896K, 0% used [0x0000000771100000,0x0000000771100000,0x0000000772180000)
  to   space 22016K, 0% used [0x0000000775380000,0x0000000775380000,0x0000000776900000)
 ParOldGen       total 120320K, used 37019K [0x00000006c1e00000, 0x00000006c9380000, 0x000000076b500000)
  object space 120320K, 30% used [0x00000006c1e00000,0x00000006c4226f90,0x00000006c9380000)
 Metaspace       used 34683K, capacity 35392K, committed 35496K, reserved 1081344K
  class space    used 3957K, capacity 4160K, committed 4264K, reserved 1048576K
}

