# JRE version: Java(TM) SE Runtime Environment (8.0_111-b14) (build 1.8.0_111-b14)
# Java VM: Java HotSpot(TM) 64-Bit Server VM (25.111-b14 mixed mode windows-amd64 compressed oops)
Heap:
 PSYoungGen      total 76288K, used 75507K [0x000000076b500000, 0x0000000773600000, 0x00000007c0000000)
  eden space 65536K, 98% used [0x000000076b500000,0x000000076f43fad0,0x000000076f500000)
  from space 10752K, 99% used [0x000000076f500000,0x000000076ff7d360,0x000000076ff80000)
  to   space 10752K, 0% used [0x0000000772b80000,0x0000000772b80000,0x0000000773600000)
 ParOldGen       total 97280K, used 17682K [0x00000006c1e00000, 0x00000006c7d00000, 0x000000076b500000)
  object space 97280K, 18% used [0x00000006c1e00000,0x00000006c2f44b78,0x00000006c7d00000)
 Metaspace       used 33272K, capacity 33716K, committed 34048K, reserved 1079296K
  class space    used 3853K, capacity 3998K, committed 4096K, reserved 1048576K
GC Heap History (8 events):
Event: 5.395 GC heap before
{Heap before GC invocations=1 (full 0):
 PSYoungGen      total 76288K, used 65536K [0x000000076b500000, 0x0000000770a00000, 0x00000007c0000000)
  eden space 65536K, 100% used [0x000000076b500000,0x000000076f500000,0x000000076f500000)
  from space 10752K, 0% used [0x000000076ff80000,0x000000076ff80000,0x0000000770a00000)
  to   space 10752K, 0% used [0x000000076f500000,0x000000076f500000,0x000000076ff80000)
 ParOldGen       total 175104K, used 0K [0x00000006c1e00000, 0x00000006cc900000, 0x000000076b500000)
  object space 175104K, 0% used [0x00000006c1e00000,0x00000006c1e00000,0x00000006cc900000)
 Metaspace       used 13133K, capacity 13406K, committed 13696K, reserved 1060864K
  class space    used 1529K, capacity 1585K, committed 1664K, reserved 1048576K
Event: 5.400 GC heap after
Heap after GC invocations=1 (full 0):
 PSYoungGen      total 76288K, used 6467K [0x000000076b500000, 0x0000000770a00000, 0x00000007c0000000)
  eden space 65536K, 0% used [0x000000076b500000,0x000000076b500000,0x000000076f500000)
  from space 10752K, 60% used [0x000000076f500000,0x000000076fb50da0,0x000000076ff80000)
  to   space 10752K, 0% used [0x000000076ff80000,0x000000076ff80000,0x0000000770a00000)
 ParOldGen       total 175104K, used 16K [0x00000006c1e00000, 0x00000006cc900000, 0x000000076b500000)
  object space 175104K, 0% used [0x00000006c1e00000,0x00000006c1e04000,0x00000006cc900000)
 Metaspace       used 13133K, capacity 13406K, committed 13696K, reserved 1060864K
  class space    used 1529K, capacity 1585K, committed 1664K, reserved 1048576K
}
Event: 5.840 GC heap before
{Heap before GC invocations=2 (full 0):
 PSYoungGen      total 76288K, used 40984K [0x000000076b500000, 0x0000000770a00000, 0x00000007c0000000)
  eden space 65536K, 52% used [0x000000076b500000,0x000000076d6b5308,0x000000076f500000)
  from space 10752K, 60% used [0x000000076f500000,0x000000076fb50da0,0x000000076ff80000)
  to   space 10752K, 0% used [0x000000076ff80000,0x000000076ff80000,0x0000000770a00000)
 ParOldGen       total 175104K, used 16K [0x00000006c1e00000, 0x00000006cc900000, 0x000000076b500000)
  object space 175104K, 0% used [0x00000006c1e00000,0x00000006c1e04000,0x00000006cc900000)
 Metaspace       used 20822K, capacity 21054K, committed 21248K, reserved 1069056K
  class space    used 2381K, capacity 2449K, committed 2560K, reserved 1048576K
Event: 5.853 GC heap after
Heap after GC invocations=2 (full 0):
 PSYoungGen      total 76288K, used 9434K [0x000000076b500000, 0x0000000770a00000, 0x00000007c0000000)
  eden space 65536K, 0% used [0x000000076b500000,0x000000076b500000,0x000000076f500000)
  from space 10752K, 87% used [0x000000076ff80000,0x00000007708b6ba0,0x0000000770a00000)
  to   space 10752K, 0% used [0x000000076f500000,0x000000076f500000,0x000000076ff80000)
 ParOldGen       total 175104K, used 88K [0x00000006c1e00000, 0x00000006cc900000, 0x000000076b500000)
  object space 175104K, 0% used [0x00000006c1e00000,0x00000006c1e16010,0x00000006cc900000)
 Metaspace       used 20822K, capacity 21054K, committed 21248K, reserved 1069056K
  class space    used 2381K, capacity 2449K, committed 2560K, reserved 1048576K
}
Event: 5.853 GC heap before
{Heap before GC invocations=3 (full 1):
 PSYoungGen      total 76288K, used 9434K [0x000000076b500000, 0x0000000770a00000, 0x00000007c0000000)
  eden space 65536K, 0% used [0x000000076b500000,0x000000076b500000,0x000000076f500000)
  from space 10752K, 87% used [0x000000076ff80000,0x00000007708b6ba0,0x0000000770a00000)
  to   space 10752K, 0% used [0x000000076f500000,0x000000076f500000,0x000000076ff80000)
 ParOldGen       total 175104K, used 88K [0x00000006c1e00000, 0x00000006cc900000, 0x000000076b500000)
  object space 175104K, 0% used [0x00000006c1e00000,0x00000006c1e16010,0x00000006cc900000)
 Metaspace       used 20822K, capacity 21054K, committed 21248K, reserved 1069056K
  class space    used 2381K, capacity 2449K, committed 2560K, reserved 1048576K
Event: 5.896 GC heap after
Heap after GC invocations=3 (full 1):
 PSYoungGen      total 76288K, used 0K [0x000000076b500000, 0x0000000770a00000, 0x00000007c0000000)
  eden space 65536K, 0% used [0x000000076b500000,0x000000076b500000,0x000000076f500000)
  from space 10752K, 0% used [0x000000076ff80000,0x000000076ff80000,0x0000000770a00000)
  to   space 10752K, 0% used [0x000000076f500000,0x000000076f500000,0x000000076ff80000)
 ParOldGen       total 97280K, used 9200K [0x00000006c1e00000, 0x00000006c7d00000, 0x000000076b500000)
  object space 97280K, 9% used [0x00000006c1e00000,0x00000006c26fc078,0x00000006c7d00000)
 Metaspace       used 20822K, capacity 21054K, committed 21248K, reserved 1069056K
  class space    used 2381K, capacity 2449K, committed 2560K, reserved 1048576K
}
Event: 6.498 GC heap before
{Heap before GC invocations=4 (full 1):
 PSYoungGen      total 76288K, used 65530K [0x000000076b500000, 0x0000000770a00000, 0x00000007c0000000)
  eden space 65536K, 99% used [0x000000076b500000,0x000000076f4fea00,0x000000076f500000)
  from space 10752K, 0% used [0x000000076ff80000,0x000000076ff80000,0x0000000770a00000)
  to   space 10752K, 0% used [0x000000076f500000,0x000000076f500000,0x000000076ff80000)
 ParOldGen       total 97280K, used 9200K [0x00000006c1e00000, 0x00000006c7d00000, 0x000000076b500000)
  object space 97280K, 9% used [0x00000006c1e00000,0x00000006c26fc078,0x00000006c7d00000)
 Metaspace       used 24234K, capacity 24526K, committed 24704K, reserved 1071104K
  class space    used 2756K, capacity 2839K, committed 2944K, reserved 1048576K
Event: 6.509 GC heap after
Heap after GC invocations=4 (full 1):
 PSYoungGen      total 76288K, used 10740K [0x000000076b500000, 0x0000000773600000, 0x00000007c0000000)
  eden space 65536K, 0% used [0x000000076b500000,0x000000076b500000,0x000000076f500000)
  from space 10752K, 99% used [0x000000076f500000,0x000000076ff7d360,0x000000076ff80000)
  to   space 10752K, 0% used [0x0000000772b80000,0x0000000772b80000,0x0000000773600000)
 ParOldGen       total 97280K, used 17682K [0x00000006c1e00000, 0x00000006c7d00000, 0x000000076b500000)
  object space 97280K, 18% used [0x00000006c1e00000,0x00000006c2f44b78,0x00000006c7d00000)
 Metaspace       used 24234K, capacity 24526K, committed 24704K, reserved 1071104K
  class space    used 2756K, capacity 2839K, committed 2944K, reserved 1048576K
}

